#
# A fatal error has been detected by the Java Runtime Environment:
#
#  EXCEPTION_ACCESS_VIOLATION (0xc0000005) at pc=0x00007ffb3be73004, pid=9376, tid=17392
#
# JRE version: Java(TM) SE Runtime Environment (24.0+36) (build 24+36-3646)
# Java VM: Java HotSpot(TM) 64-Bit Server VM (24+36-3646, mixed mode, emulated-client, sharing, tiered, compressed oops, compressed class ptrs, g1 gc, windows-amd64)
# Problematic frame:
# C  [libasyncProfiler.dll+0x93004]
#
# No core dump will be written. Minidumps are not enabled by default on client versions of Windows
#
# JFR recording file will be written. Location: C:\Users\roman.urrego\Documents\universidad\Desarrollo de software 2\proyectomicroservicios\microservicios2\eureka-server\hs_err_pid9376.jfr
#
# If you would like to submit a bug report, please visit:
#   https://bugreport.java.com/bugreport/crash.jsp
# The crash happened outside the Java Virtual Machine in native code.
# See problematic frame for where to report the bug.
#

---------------  S U M M A R Y ------------

Command Line: -XX:TieredStopAtLevel=1 -Dspring.output.ansi.enabled=always -Dcom.sun.management.jmxremote -Dspring.jmx.enabled=true -Dspring.liveBeansView.mbeanDomain -Dspring.application.admin.enabled=true -Dmanagement.endpoints.jmx.exposure.include=* -javaagent:C:\Program Files\JetBrains\IntelliJ IDEA 2024.3.5\lib\idea_rt.jar=56874 -agentpath:C:\Users\roman.urrego\AppData\Local\Temp\idea_libasyncProfiler_dll_temp_folder\libasyncProfiler.dll=start,jfr,event=wall,interval=10ms,jfrsync=profile,cstack=no,file=C:\Users\roman.urrego\IdeaSnapshots\EurekaServerApplication_2025_04_06_211700.jfr,dbghelppath=C:\Users\roman.urrego\AppData\Local\Temp\idea_dbghelp_dll_temp_folder\dbghelp.dll,log=C:\Users\roman.urrego\AppData\Local\Temp\EurekaServerApplication_2025_04_06_211700.jfr.log.txt,logLevel=DEBUG -Dfile.encoding=UTF-8 -Dsun.stdout.encoding=UTF-8 -Dsun.stderr.encoding=UTF-8 com.mismidones.eurekaserver.EurekaServerApplication

Host: 12th Gen Intel(R) Core(TM) i5-1245U, 12 cores, 15G,  Windows 11 , 64 bit Build 22621 (10.0.22621.4974)
Time: Sun Apr  6 21:17:02 2025 SA Pacific Standard Time elapsed time: 1.045648 seconds (0d 0h 0m 1s)

---------------  T H R E A D  ---------------

Current thread (0x0000020626f851d0):  JavaThread "main"             [_thread_in_native, id=17392, stack(0x000000080b000000,0x000000080b100000) (1024K)]

Stack: [0x000000080b000000,0x000000080b100000],  sp=0x000000080b0fe700,  free space=1017k
Native frames: (J=compiled Java code, j=interpreted, Vv=VM code, C=native code)
C  [libasyncProfiler.dll+0x93004]  (no source info available)
C  [libasyncProfiler.dll+0x934db]  (no source info available)
C  [libasyncProfiler.dll+0x92134]  (no source info available)
C  [libasyncProfiler.dll+0x929aa]  (no source info available)
C  [libasyncProfiler.dll+0x8d561]  (no source info available)
C  [libasyncProfiler.dll+0x7ef21]  (no source info available)
C  [libasyncProfiler.dll+0x7dc38]  (no source info available)
C  [libasyncProfiler.dll+0x7db20]  (no source info available)
C  [libasyncProfiler.dll+0x83c3c]  (no source info available)
V  [jvm.dll+0x5e3a5e]  (no source info available)
V  [jvm.dll+0x8861e6]  (no source info available)
V  [jvm.dll+0x49604e]  (no source info available)
V  [jvm.dll+0x497e21]  (no source info available)
C  [jli.dll+0x52a1]  (no source info available)
C  [ucrtbase.dll+0x29333]  (no source info available)
C  [KERNEL32.DLL+0x1259d]  (no source info available)
C  [ntdll.dll+0x5af38]  (no source info available)


siginfo: EXCEPTION_ACCESS_VIOLATION (0xc0000005), reading address 0xffffffffffffffff


Registers:
RAX=0x0000000000000010, RBX=0x0000000000000000, RCX=0xffffffffffffffff, RDX=0x007ffb33d22ff010
RSP=0x000000080b0fe700, RBP=0x000002067d4c9618, RSI=0x000000080b0fe870, RDI=0x000002067d4c9618
R8 =0x0000000000000042, R9 =0x0000000714401ee8, R10=0x00007ffb33f99fc0, R11=0x0000000000000002
R12=0x000000080b0fe870, R13=0x000002062503d4e0, R14=0x0000020626f85598, R15=0x0000020626f85598
RIP=0x00007ffb3be73004, EFLAGS=0x0000000000010202

XMM[0]=0x0000000000000000 0x0000000000000000
XMM[1]=0x0000000000000000 0x0000000000000000
XMM[2]=0x0000000000000000 0x0000000000000000
XMM[3]=0x0000000000000000 0x0000000000000000
XMM[4]=0x0000000000000000 0x0000000000000000
XMM[5]=0x0000000000000000 0x0000000000000000
XMM[6]=0x0000000000000000 0x0000000000000000
XMM[7]=0x0000000000000000 0x0000000000000000
XMM[8]=0x0000000000000000 0x0000000000000000
XMM[9]=0x0000000000000000 0x0000000000000000
XMM[10]=0x0000000000000000 0x0000000000000000
XMM[11]=0x0000000000000000 0x0000000000000000
XMM[12]=0x0000000000000000 0x0000000000000000
XMM[13]=0x0000000000000000 0x0000000000000000
XMM[14]=0x0000000000000000 0x0000000000000000
XMM[15]=0x0000000000000000 0x0000000000000000
  MXCSR=0x00001fa0


Register to memory mapping:

RAX=0x0000000000000010 is an unknown value
RBX=0x0 is null
RCX=0xffffffffffffffff is an unknown value
RDX=0x007ffb33d22ff010 is an unknown value
RSP=0x000000080b0fe700 is pointing into the stack for thread: 0x0000020626f851d0
RBP=0x000002067d4c9618 points into unknown readable memory: 0x0000000714401ee8 | e8 1e 40 14 07 00 00 00
RSI=0x000000080b0fe870 is pointing into the stack for thread: 0x0000020626f851d0
RDI=0x000002067d4c9618 points into unknown readable memory: 0x0000000714401ee8 | e8 1e 40 14 07 00 00 00
R8 =0x0000000000000042 is an unknown value
R9 =0x0000000714401ee8 is an oop: java.lang.Thread 
{0x0000000714401ee8} - klass: 'java/lang/Thread' - flags: 

 - ---- fields (total size 14 words):
 - 'threadLocalRandomProbe' 'I' @12  0 (0x00000000)
 - private volatile 'eetop' 'J' @16  2225446867408 (0x0000020626f851d0)
 - private final 'tid' 'J' @24  3 (0x0000000000000003)
 - 'threadLocalRandomSeed' 'J' @32  0 (0x0000000000000000)
 - injected 'jvmti_thread_state' 'J' @40  2225792158720 (0x000002063b8d0c00)
 - 'threadLocalRandomSecondarySeed' 'I' @48  0 (0x00000000)
 - injected 'jvmti_VTMS_transition_disable_count' 'I' @52  0 (0x00000000)
 - injected 'jfr_epoch' 'S' @56  0 (0x0000)
 - volatile 'interrupted' 'Z' @58  false (0x00)
 - injected 'jvmti_is_in_VTMS_transition' 'Z' @59  false (0x00)
 - private volatile 'name' 'Ljava/lang/String;' @60  "main"{0x0000000714401f58} (0xe28803eb)
 - private volatile 'contextClassLoader' 'Ljava/lang/ClassLoader;' @64  a 'jdk/internal/loader/ClassLoaders$AppClassLoader'{0x0000000714450908} (0xe288a121)
 - private final 'holder' 'Ljava/lang/Thread$FieldHolder;' @68  a 'java/lang/Thread$FieldHolder'{0x0000000714401f98} (0xe28803f3)
 - 'threadLocals' 'Ljava/lang/ThreadLocal$ThreadLocalMap;' @72  a 'java/lang/ThreadLocal$ThreadLocalMap'{0x000000071436eba8} (0xe286dd75)
 - 'inheritableThreadLocals' 'Ljava/lang/ThreadLocal$ThreadLocalMap;' @76  null (0x00000000)
 - private 'scopedValueBindings' 'Ljava/lang/Object;' @80  a 'java/lang/Class'{0x00000007ffe7c880} = 'java/lang/Thread' (0xfffcf910)
 - final 'interruptLock' 'Ljava/lang/Object;' @84  a 'java/lang/Object'{0x0000000714401f88} (0xe28803f1)
 - private volatile 'parkBlocker' 'Ljava/lang/Object;' @88  null (0x00000000)
 - private 'nioBlocker' 'Lsun/nio/ch/Interruptible;' @92  null (0x00000000)
 - private 'cont' 'Ljdk/internal/vm/Continuation;' @96  null (0x00000000)
 - private volatile 'uncaughtExceptionHandler' 'Ljava/lang/Thread$UncaughtExceptionHandler;' @100  null (0x00000000)
 - private 'container' 'Ljdk/internal/vm/ThreadContainer;' @104  null (0x00000000)
 - private volatile 'headStackableScopes' 'Ljdk/internal/vm/StackableScope;' @108  null (0x00000000)
R10=0x00007ffb33f99fc0 jvm.dll
R11=0x0000000000000002 is an unknown value
R12=0x000000080b0fe870 is pointing into the stack for thread: 0x0000020626f851d0
R13=0x000002062503d4e0 points into unknown readable memory: 0x00007ffb33f0a510 | 10 a5 f0 33 fb 7f 00 00
R14=0x0000020626f85598 points into unknown readable memory: 0x00007ffb33f017b0 | b0 17 f0 33 fb 7f 00 00
R15=0x0000020626f85598 points into unknown readable memory: 0x00007ffb33f017b0 | b0 17 f0 33 fb 7f 00 00

Top of Stack: (sp=0x000000080b0fe700)
0x000000080b0fe700:   000000080b0fe870 000002067d4c9618   p.........L}....
0x000000080b0fe710:   0000000000000000 0000020626f85920   ........ Y.&....
0x000000080b0fe720:   000000000000001a 00007ffb3be734db   .........4.;....
0x000000080b0fe730:   0000000000000000 0000020626f85598   .........U.&....
0x000000080b0fe740:   000000080b0fe801 0000000000000000   ................
0x000000080b0fe750:   000002067e9f5ef0 00007ffb3be72134   .^.~....4!.;....
0x000000080b0fe760:   0000000000000000 000000000000001a   ................
0x000000080b0fe770:   0000000000000000 000000000000001a   ................
0x000000080b0fe780:   000000093bc32040 000002067e9dc460   @ .;....`..~....
0x000000080b0fe790:   000002067e9f5ef0 000002067e9f5f58   .^.~....X_.~....
0x000000080b0fe7a0:   000002067e9f5f60 00000000000046f0   `_.~.....F......
0x000000080b0fe7b0:   0000000000000000 0000000000000000   ................
0x000000080b0fe7c0:   0000000000000000 00007ffb337658e4   .........Xv3....
0x000000080b0fe7d0:   00007ffb3bfcae00 00000000000024a0   ...;.....$......
0x000000080b0fe7e0:   00007ffb3bfcae00 00000000ffffffff   ...;............
0x000000080b0fe7f0:   0000000000000000 00007ffb3be729aa   .........).;....
0x000000080b0fe800:   0000020626f85598 0000000000000000   .U.&............
0x000000080b0fe810:   000000080b0fe879 000002062503d4e0   y..........%....
0x000000080b0fe820:   000002067e7c8ca0 0000000000000000   ..|~............
0x000000080b0fe830:   0000000000000000 00007ffb3bf74118   .........A.;....
0x000000080b0fe840:   0000020626f85598 00007ffb3bfcae00   .U.&.......;....
0x000000080b0fe850:   0000000000100000 0000000000001000   ................
0x000000080b0fe860:   000000080b0fea08 0000020626f85598   .........U.&....
0x000000080b0fe870:   000002067ea91590 000002067ea918d0   ...~.......~....
0x000000080b0fe880:   000002067ea918d0 00007ffb3bfcae00   ...~.......;....
0x000000080b0fe890:   000002067e7c9620 0000020624f40000    .|~.......$....
0x000000080b0fe8a0:   000000080b0feb40 0000000000008840   @.......@.......
0x000000080b0fe8b0:   00007ffb3bfbd080 00007ffb3bfcae50   ...;....P..;....
0x000000080b0fe8c0:   0000000000989680 0000000000989680   ................
0x000000080b0fe8d0:   000000080b0fe9e0 00007ffb3be6d561   ........a..;....
0x000000080b0fe8e0:   00007ffb3bfcae00 00007ffb3bfcae58   ...;....X..;....
0x000000080b0fe8f0:   00007ffb00000000 0000020600000001   ................

Instructions: (pc=0x00007ffb3be73004)
  0x00007ffb3be72f04:   cc cc cc cc cc cc cc cc cc cc cc cc cc cc cc cc
  0x00007ffb3be72f14:   cc cc cc cc cc cc cc cc cc cc cc cc cc cc cc cc
  0x00007ffb3be72f24:   cc cc cc cc cc cc cc cc cc cc cc cc cc cc cc cc
  0x00007ffb3be72f34:   cc cc cc cc cc cc cc cc cc cc cc cc cc cc cc cc
  0x00007ffb3be72f44:   cc cc cc cc cc cc cc cc cc cc cc cc cc cc cc cc
  0x00007ffb3be72f54:   cc cc cc cc cc cc cc cc cc cc cc cc cc cc cc cc
  0x00007ffb3be72f64:   cc cc cc cc cc cc cc cc cc cc cc cc cc cc cc cc
  0x00007ffb3be72f74:   cc cc cc cc cc cc cc cc cc cc cc cc cc cc cc cc
  0x00007ffb3be72f84:   cc cc cc cc cc cc cc cc cc cc cc cc 40 57 48 83
  0x00007ffb3be72f94:   ec 20 48 8b f9 48 8b 0d 30 80 15 00 48 85 c9 74
  0x00007ffb3be72fa4:   20 48 8b 01 48 8d 54 24 38 41 b8 06 00 01 00 4c
  0x00007ffb3be72fb4:   8b 48 30 41 ff d1 85 c0 75 07 48 8b 4c 24 38 eb
  0x00007ffb3be72fc4:   02 33 c9 4c 8b 05 0a 81 15 00 48 89 5c 24 30 4d
  0x00007ffb3be72fd4:   85 c0 74 4a 48 8b 01 48 8b d7 4c 8b 88 28 03 00
  0x00007ffb3be72fe4:   00 41 ff d1 48 85 c0 74 35 48 63 0d b8 3d 15 00
  0x00007ffb3be72ff4:   48 8b 14 01 48 85 d2 74 15 48 63 05 bc 3d 15 00
=>0x00007ffb3be73004:   8b 04 10 48 8b 5c 24 30 48 83 c4 20 5f c3 b8 ff
  0x00007ffb3be73014:   ff ff ff 48 8b 5c 24 30 48 83 c4 20 5f c3 80 3d
  0x00007ffb3be73024:   bb 7f 15 00 00 bb ff ff ff ff 74 20 4c 8b 0d 51
  0x00007ffb3be73034:   7c 15 00 4c 8d 44 24 38 48 8b 0d 35 7c 15 00 48
  0x00007ffb3be73044:   8b d7 41 ff d1 85 c0 0f 44 5c 24 38 8b c3 48 8b
  0x00007ffb3be73054:   5c 24 30 48 83 c4 20 5f c3 cc cc cc cc cc cc cc
  0x00007ffb3be73064:   cc cc cc cc cc cc cc cc cc cc cc cc cc cc cc cc
  0x00007ffb3be73074:   cc cc cc cc cc cc cc cc cc cc cc cc cc cc cc cc
  0x00007ffb3be73084:   cc cc cc cc cc cc cc cc cc cc cc cc 48 89 54 24
  0x00007ffb3be73094:   10 53 55 56 57 41 56 41 57 48 83 ec 28 48 8b f2
  0x00007ffb3be730a4:   4c 8b f1 48 89 4c 24 78 45 33 ff 44 89 7c 24 68
  0x00007ffb3be730b4:   c7 44 24 60 01 00 00 00 48 8d 4c 24 68 e8 69 3c
  0x00007ffb3be730c4:   f7 ff 8b d8 48 8d 4c 24 60 e8 5d 3c f7 ff 8b e8
  0x00007ffb3be730d4:   49 8b ce e8 33 f3 f6 ff 48 8b f8 90 8b c3 f0 0f
  0x00007ffb3be730e4:   b1 2f 74 04 f3 90 eb f4 4c 89 3e 4c 89 7e 08 4c
  0x00007ffb3be730f4:   89 7e 10 49 8b 6e 08 4d 8b 76 10 49 3b ee 0f 84


Stack slot to memory mapping:

stack at sp + 0 slots: 0x000000080b0fe870 is pointing into the stack for thread: 0x0000020626f851d0
stack at sp + 1 slots: 0x000002067d4c9618 points into unknown readable memory: 0x0000000714401ee8 | e8 1e 40 14 07 00 00 00
stack at sp + 2 slots: 0x0 is null
stack at sp + 3 slots: 0x0000020626f85920 points into unknown readable memory: 0x6e616c2e6176616a | 6a 61 76 61 2e 6c 61 6e
stack at sp + 4 slots: 0x000000000000001a is an unknown value
stack at sp + 5 slots: 0x00007ffb3be734db libasyncProfiler.dll
stack at sp + 6 slots: 0x0 is null
stack at sp + 7 slots: 0x0000020626f85598 points into unknown readable memory: 0x00007ffb33f017b0 | b0 17 f0 33 fb 7f 00 00

Lock stack of current Java thread (top to bottom):


---------------  P R O C E S S  ---------------

Threads class SMR info:
_java_thread_list=0x000002067ea65560, length=15, elements={
0x0000020626f851d0, 0x000002063b8677c0, 0x000002063b868060, 0x000002063b86f560,
0x000002063b870090, 0x000002063b870e40, 0x000002063b873d80, 0x000002063b87fd80,
0x000002063b95e960, 0x000002063b966270, 0x000002063b967920, 0x000002067d4ba420,
0x000002067d8c4c60, 0x000002063b968fd0, 0x000002067ea64d40
}

Java Threads: ( => current thread )
=>0x0000020626f851d0 JavaThread "main"                              [_thread_in_native, id=17392, stack(0x000000080b000000,0x000000080b100000) (1024K)]
  0x000002063b8677c0 JavaThread "Reference Handler"          daemon [_thread_blocked, id=19144, stack(0x000000080b800000,0x000000080b900000) (1024K)]
  0x000002063b868060 JavaThread "Finalizer"                  daemon [_thread_blocked, id=6836, stack(0x000000080b900000,0x000000080ba00000) (1024K)]
  0x000002063b86f560 JavaThread "Signal Dispatcher"          daemon [_thread_blocked, id=16652, stack(0x000000080ba00000,0x000000080bb00000) (1024K)]
  0x000002063b870090 JavaThread "Attach Listener"            daemon [_thread_blocked, id=4788, stack(0x000000080bb00000,0x000000080bc00000) (1024K)]
  0x000002063b870e40 JavaThread "Service Thread"             daemon [_thread_blocked, id=6572, stack(0x000000080bc00000,0x000000080bd00000) (1024K)]
  0x000002063b873d80 JavaThread "Monitor Deflation Thread"   daemon [_thread_blocked, id=10740, stack(0x000000080bd00000,0x000000080be00000) (1024K)]
  0x000002063b87fd80 JavaThread "C1 CompilerThread0"         daemon [_thread_blocked, id=18140, stack(0x000000080be00000,0x000000080bf00000) (1024K)]
  0x000002063b95e960 JavaThread "Common-Cleaner"             daemon [_thread_blocked, id=18188, stack(0x000000080bf00000,0x000000080c000000) (1024K)]
  0x000002063b966270 JavaThread "C1 CompilerThread1"         daemon [_thread_blocked, id=18572, stack(0x000000080c000000,0x000000080c100000) (1024K)]
  0x000002063b967920 JavaThread "C1 CompilerThread2"         daemon [_thread_blocked, id=17576, stack(0x000000080c100000,0x000000080c200000) (1024K)]
  0x000002067d4ba420 JavaThread "Monitor Ctrl-Break"         daemon [_thread_in_native, id=12620, stack(0x000000080c200000,0x000000080c300000) (1024K)]
  0x000002067d8c4c60 JavaThread "JFR Recorder Thread"        daemon [_thread_in_native, id=18084, stack(0x000000080c300000,0x000000080c400000) (1024K)]
  0x000002063b968fd0 JavaThread "C1 CompilerThread3"         daemon [_thread_blocked, id=4844, stack(0x000000080c400000,0x000000080c500000) (1024K)]
  0x000002067ea64d40 JavaThread "JFR Periodic Tasks"         daemon [_thread_blocked, id=18160, stack(0x000000080c500000,0x000000080c600000) (1024K)]
Total: 15

Other Threads:
  0x000002063b855660 VMThread "VM Thread"                           [id=18052, stack(0x000000080b700000,0x000000080b800000) (1024K)]
  0x00000206270ecfc0 WatcherThread "VM Periodic Task Thread"        [id=9924, stack(0x000000080b600000,0x000000080b700000) (1024K)]
  0x0000020626fed7b0 WorkerThread "GC Thread#0"                     [id=12692, stack(0x000000080b100000,0x000000080b200000) (1024K)]
  0x00000206270025c0 ConcurrentGCThread "G1 Main Marker"            [id=12676, stack(0x000000080b200000,0x000000080b300000) (1024K)]
  0x0000020627003870 WorkerThread "G1 Conc#0"                       [id=16448, stack(0x000000080b300000,0x000000080b400000) (1024K)]
  0x00000206270d2810 ConcurrentGCThread "G1 Refine#0"               [id=7652, stack(0x000000080b400000,0x000000080b500000) (1024K)]
  0x00000206270d52a0 ConcurrentGCThread "G1 Service"                [id=15600, stack(0x000000080b500000,0x000000080b600000) (1024K)]
Total: 7

Threads with active compile tasks:
Total: 0

VM state: not at safepoint (normal execution)

VM Mutex/Monitor currently owned by a thread: None

Heap address: 0x0000000704a00000, size: 4022 MB, Compressed Oops mode: Zero based, Oop shift amount: 3

CDS archive(s) mapped at: [0x000002063c000000-0x000002063cd40000-0x000002063cd40000), size 13893632, SharedBaseAddress: 0x000002063c000000, ArchiveRelocationMode: 1.
Compressed class space mapped at: 0x000002063d000000-0x000002067d000000, reserved size: 1073741824
UseCompressedClassPointers 1, UseCompactObjectHeaders 0
Narrow klass pointer bits 32, Max shift 3
Narrow klass base: 0x000002063c000000, Narrow klass shift: 0
Encoding Range: [0x000002063c000000 - 0x000002073c000000), (4294967296 bytes)
Klass Range:    [0x000002063c000000 - 0x000002067d000000), (1090519040 bytes)
Klass ID Range:  [8 - 1090519033) (1090519025)

GC Precious Log:
 CardTable entry size: 512
 Card Set container configuration: InlinePtr #cards 4 size 8 Array Of Cards #cards 16 size 48 Howl #buckets 8 coarsen threshold 3686 Howl Bitmap #cards 512 size 80 coarsen threshold 460 Card regions per heap region 1 cards per card region 4096
 CPUs: 12 total, 12 available
 Memory: 16081M
 Large Page Support: Disabled
 NUMA Support: Disabled
 Compressed Oops: Enabled (Zero based)
 Heap Region Size: 2M
 Heap Min Capacity: 8M
 Heap Initial Capacity: 252M
 Heap Max Capacity: 4022M
 Pre-touch: Disabled
 Parallel Workers: 10
 Concurrent Workers: 3
 Concurrent Refinement Workers: 10
 Periodic GC: Disabled

Heap:
 garbage-first heap   total reserved 4118528K, committed 260096K, used 27764K [0x0000000704a00000, 0x0000000800000000)
  region size 2048K, 14 young (28672K), 0 survivors (0K)
 Metaspace       used 2696K, committed 2880K, reserved 1114112K
  class space    used 302K, committed 384K, reserved 1048576K

Heap Regions: E=young(eden), S=young(survivor), O=old, HS=humongous(starts), HC=humongous(continues), CS=collection set, F=free, TAMS=top-at-mark-start, PB=parsable bottom
|   0|0x0000000704a00000, 0x0000000704a00000, 0x0000000704c00000|  0%| F|  |TAMS 0x0000000704a00000| PB 0x0000000704a00000| Untracked |  0
|   1|0x0000000704c00000, 0x0000000704c00000, 0x0000000704e00000|  0%| F|  |TAMS 0x0000000704c00000| PB 0x0000000704c00000| Untracked |  0
|   2|0x0000000704e00000, 0x0000000704e00000, 0x0000000705000000|  0%| F|  |TAMS 0x0000000704e00000| PB 0x0000000704e00000| Untracked |  0
|   3|0x0000000705000000, 0x0000000705000000, 0x0000000705200000|  0%| F|  |TAMS 0x0000000705000000| PB 0x0000000705000000| Untracked |  0
|   4|0x0000000705200000, 0x0000000705200000, 0x0000000705400000|  0%| F|  |TAMS 0x0000000705200000| PB 0x0000000705200000| Untracked |  0
|   5|0x0000000705400000, 0x0000000705400000, 0x0000000705600000|  0%| F|  |TAMS 0x0000000705400000| PB 0x0000000705400000| Untracked |  0
|   6|0x0000000705600000, 0x0000000705600000, 0x0000000705800000|  0%| F|  |TAMS 0x0000000705600000| PB 0x0000000705600000| Untracked |  0
|   7|0x0000000705800000, 0x0000000705800000, 0x0000000705a00000|  0%| F|  |TAMS 0x0000000705800000| PB 0x0000000705800000| Untracked |  0
|   8|0x0000000705a00000, 0x0000000705a00000, 0x0000000705c00000|  0%| F|  |TAMS 0x0000000705a00000| PB 0x0000000705a00000| Untracked |  0
|   9|0x0000000705c00000, 0x0000000705c00000, 0x0000000705e00000|  0%| F|  |TAMS 0x0000000705c00000| PB 0x0000000705c00000| Untracked |  0
|  10|0x0000000705e00000, 0x0000000705e00000, 0x0000000706000000|  0%| F|  |TAMS 0x0000000705e00000| PB 0x0000000705e00000| Untracked |  0
|  11|0x0000000706000000, 0x0000000706000000, 0x0000000706200000|  0%| F|  |TAMS 0x0000000706000000| PB 0x0000000706000000| Untracked |  0
|  12|0x0000000706200000, 0x0000000706200000, 0x0000000706400000|  0%| F|  |TAMS 0x0000000706200000| PB 0x0000000706200000| Untracked |  0
|  13|0x0000000706400000, 0x0000000706400000, 0x0000000706600000|  0%| F|  |TAMS 0x0000000706400000| PB 0x0000000706400000| Untracked |  0
|  14|0x0000000706600000, 0x0000000706600000, 0x0000000706800000|  0%| F|  |TAMS 0x0000000706600000| PB 0x0000000706600000| Untracked |  0
|  15|0x0000000706800000, 0x0000000706800000, 0x0000000706a00000|  0%| F|  |TAMS 0x0000000706800000| PB 0x0000000706800000| Untracked |  0
|  16|0x0000000706a00000, 0x0000000706a00000, 0x0000000706c00000|  0%| F|  |TAMS 0x0000000706a00000| PB 0x0000000706a00000| Untracked |  0
|  17|0x0000000706c00000, 0x0000000706c00000, 0x0000000706e00000|  0%| F|  |TAMS 0x0000000706c00000| PB 0x0000000706c00000| Untracked |  0
|  18|0x0000000706e00000, 0x0000000706e00000, 0x0000000707000000|  0%| F|  |TAMS 0x0000000706e00000| PB 0x0000000706e00000| Untracked |  0
|  19|0x0000000707000000, 0x0000000707000000, 0x0000000707200000|  0%| F|  |TAMS 0x0000000707000000| PB 0x0000000707000000| Untracked |  0
|  20|0x0000000707200000, 0x0000000707200000, 0x0000000707400000|  0%| F|  |TAMS 0x0000000707200000| PB 0x0000000707200000| Untracked |  0
|  21|0x0000000707400000, 0x0000000707400000, 0x0000000707600000|  0%| F|  |TAMS 0x0000000707400000| PB 0x0000000707400000| Untracked |  0
|  22|0x0000000707600000, 0x0000000707600000, 0x0000000707800000|  0%| F|  |TAMS 0x0000000707600000| PB 0x0000000707600000| Untracked |  0
|  23|0x0000000707800000, 0x0000000707800000, 0x0000000707a00000|  0%| F|  |TAMS 0x0000000707800000| PB 0x0000000707800000| Untracked |  0
|  24|0x0000000707a00000, 0x0000000707a00000, 0x0000000707c00000|  0%| F|  |TAMS 0x0000000707a00000| PB 0x0000000707a00000| Untracked |  0
|  25|0x0000000707c00000, 0x0000000707c00000, 0x0000000707e00000|  0%| F|  |TAMS 0x0000000707c00000| PB 0x0000000707c00000| Untracked |  0
|  26|0x0000000707e00000, 0x0000000707e00000, 0x0000000708000000|  0%| F|  |TAMS 0x0000000707e00000| PB 0x0000000707e00000| Untracked |  0
|  27|0x0000000708000000, 0x0000000708000000, 0x0000000708200000|  0%| F|  |TAMS 0x0000000708000000| PB 0x0000000708000000| Untracked |  0
|  28|0x0000000708200000, 0x0000000708200000, 0x0000000708400000|  0%| F|  |TAMS 0x0000000708200000| PB 0x0000000708200000| Untracked |  0
|  29|0x0000000708400000, 0x0000000708400000, 0x0000000708600000|  0%| F|  |TAMS 0x0000000708400000| PB 0x0000000708400000| Untracked |  0
|  30|0x0000000708600000, 0x0000000708600000, 0x0000000708800000|  0%| F|  |TAMS 0x0000000708600000| PB 0x0000000708600000| Untracked |  0
|  31|0x0000000708800000, 0x0000000708800000, 0x0000000708a00000|  0%| F|  |TAMS 0x0000000708800000| PB 0x0000000708800000| Untracked |  0
|  32|0x0000000708a00000, 0x0000000708a00000, 0x0000000708c00000|  0%| F|  |TAMS 0x0000000708a00000| PB 0x0000000708a00000| Untracked |  0
|  33|0x0000000708c00000, 0x0000000708c00000, 0x0000000708e00000|  0%| F|  |TAMS 0x0000000708c00000| PB 0x0000000708c00000| Untracked |  0
|  34|0x0000000708e00000, 0x0000000708e00000, 0x0000000709000000|  0%| F|  |TAMS 0x0000000708e00000| PB 0x0000000708e00000| Untracked |  0
|  35|0x0000000709000000, 0x0000000709000000, 0x0000000709200000|  0%| F|  |TAMS 0x0000000709000000| PB 0x0000000709000000| Untracked |  0
|  36|0x0000000709200000, 0x0000000709200000, 0x0000000709400000|  0%| F|  |TAMS 0x0000000709200000| PB 0x0000000709200000| Untracked |  0
|  37|0x0000000709400000, 0x0000000709400000, 0x0000000709600000|  0%| F|  |TAMS 0x0000000709400000| PB 0x0000000709400000| Untracked |  0
|  38|0x0000000709600000, 0x0000000709600000, 0x0000000709800000|  0%| F|  |TAMS 0x0000000709600000| PB 0x0000000709600000| Untracked |  0
|  39|0x0000000709800000, 0x0000000709800000, 0x0000000709a00000|  0%| F|  |TAMS 0x0000000709800000| PB 0x0000000709800000| Untracked |  0
|  40|0x0000000709a00000, 0x0000000709a00000, 0x0000000709c00000|  0%| F|  |TAMS 0x0000000709a00000| PB 0x0000000709a00000| Untracked |  0
|  41|0x0000000709c00000, 0x0000000709c00000, 0x0000000709e00000|  0%| F|  |TAMS 0x0000000709c00000| PB 0x0000000709c00000| Untracked |  0
|  42|0x0000000709e00000, 0x0000000709e00000, 0x000000070a000000|  0%| F|  |TAMS 0x0000000709e00000| PB 0x0000000709e00000| Untracked |  0
|  43|0x000000070a000000, 0x000000070a000000, 0x000000070a200000|  0%| F|  |TAMS 0x000000070a000000| PB 0x000000070a000000| Untracked |  0
|  44|0x000000070a200000, 0x000000070a200000, 0x000000070a400000|  0%| F|  |TAMS 0x000000070a200000| PB 0x000000070a200000| Untracked |  0
|  45|0x000000070a400000, 0x000000070a400000, 0x000000070a600000|  0%| F|  |TAMS 0x000000070a400000| PB 0x000000070a400000| Untracked |  0
|  46|0x000000070a600000, 0x000000070a600000, 0x000000070a800000|  0%| F|  |TAMS 0x000000070a600000| PB 0x000000070a600000| Untracked |  0
|  47|0x000000070a800000, 0x000000070a800000, 0x000000070aa00000|  0%| F|  |TAMS 0x000000070a800000| PB 0x000000070a800000| Untracked |  0
|  48|0x000000070aa00000, 0x000000070aa00000, 0x000000070ac00000|  0%| F|  |TAMS 0x000000070aa00000| PB 0x000000070aa00000| Untracked |  0
|  49|0x000000070ac00000, 0x000000070ac00000, 0x000000070ae00000|  0%| F|  |TAMS 0x000000070ac00000| PB 0x000000070ac00000| Untracked |  0
|  50|0x000000070ae00000, 0x000000070ae00000, 0x000000070b000000|  0%| F|  |TAMS 0x000000070ae00000| PB 0x000000070ae00000| Untracked |  0
|  51|0x000000070b000000, 0x000000070b000000, 0x000000070b200000|  0%| F|  |TAMS 0x000000070b000000| PB 0x000000070b000000| Untracked |  0
|  52|0x000000070b200000, 0x000000070b200000, 0x000000070b400000|  0%| F|  |TAMS 0x000000070b200000| PB 0x000000070b200000| Untracked |  0
|  53|0x000000070b400000, 0x000000070b400000, 0x000000070b600000|  0%| F|  |TAMS 0x000000070b400000| PB 0x000000070b400000| Untracked |  0
|  54|0x000000070b600000, 0x000000070b600000, 0x000000070b800000|  0%| F|  |TAMS 0x000000070b600000| PB 0x000000070b600000| Untracked |  0
|  55|0x000000070b800000, 0x000000070b800000, 0x000000070ba00000|  0%| F|  |TAMS 0x000000070b800000| PB 0x000000070b800000| Untracked |  0
|  56|0x000000070ba00000, 0x000000070ba00000, 0x000000070bc00000|  0%| F|  |TAMS 0x000000070ba00000| PB 0x000000070ba00000| Untracked |  0
|  57|0x000000070bc00000, 0x000000070bc00000, 0x000000070be00000|  0%| F|  |TAMS 0x000000070bc00000| PB 0x000000070bc00000| Untracked |  0
|  58|0x000000070be00000, 0x000000070be00000, 0x000000070c000000|  0%| F|  |TAMS 0x000000070be00000| PB 0x000000070be00000| Untracked |  0
|  59|0x000000070c000000, 0x000000070c000000, 0x000000070c200000|  0%| F|  |TAMS 0x000000070c000000| PB 0x000000070c000000| Untracked |  0
|  60|0x000000070c200000, 0x000000070c200000, 0x000000070c400000|  0%| F|  |TAMS 0x000000070c200000| PB 0x000000070c200000| Untracked |  0
|  61|0x000000070c400000, 0x000000070c400000, 0x000000070c600000|  0%| F|  |TAMS 0x000000070c400000| PB 0x000000070c400000| Untracked |  0
|  62|0x000000070c600000, 0x000000070c600000, 0x000000070c800000|  0%| F|  |TAMS 0x000000070c600000| PB 0x000000070c600000| Untracked |  0
|  63|0x000000070c800000, 0x000000070c800000, 0x000000070ca00000|  0%| F|  |TAMS 0x000000070c800000| PB 0x000000070c800000| Untracked |  0
|  64|0x000000070ca00000, 0x000000070ca00000, 0x000000070cc00000|  0%| F|  |TAMS 0x000000070ca00000| PB 0x000000070ca00000| Untracked |  0
|  65|0x000000070cc00000, 0x000000070cc00000, 0x000000070ce00000|  0%| F|  |TAMS 0x000000070cc00000| PB 0x000000070cc00000| Untracked |  0
|  66|0x000000070ce00000, 0x000000070ce00000, 0x000000070d000000|  0%| F|  |TAMS 0x000000070ce00000| PB 0x000000070ce00000| Untracked |  0
|  67|0x000000070d000000, 0x000000070d000000, 0x000000070d200000|  0%| F|  |TAMS 0x000000070d000000| PB 0x000000070d000000| Untracked |  0
|  68|0x000000070d200000, 0x000000070d200000, 0x000000070d400000|  0%| F|  |TAMS 0x000000070d200000| PB 0x000000070d200000| Untracked |  0
|  69|0x000000070d400000, 0x000000070d400000, 0x000000070d600000|  0%| F|  |TAMS 0x000000070d400000| PB 0x000000070d400000| Untracked |  0
|  70|0x000000070d600000, 0x000000070d600000, 0x000000070d800000|  0%| F|  |TAMS 0x000000070d600000| PB 0x000000070d600000| Untracked |  0
|  71|0x000000070d800000, 0x000000070d800000, 0x000000070da00000|  0%| F|  |TAMS 0x000000070d800000| PB 0x000000070d800000| Untracked |  0
|  72|0x000000070da00000, 0x000000070da00000, 0x000000070dc00000|  0%| F|  |TAMS 0x000000070da00000| PB 0x000000070da00000| Untracked |  0
|  73|0x000000070dc00000, 0x000000070dc00000, 0x000000070de00000|  0%| F|  |TAMS 0x000000070dc00000| PB 0x000000070dc00000| Untracked |  0
|  74|0x000000070de00000, 0x000000070de00000, 0x000000070e000000|  0%| F|  |TAMS 0x000000070de00000| PB 0x000000070de00000| Untracked |  0
|  75|0x000000070e000000, 0x000000070e000000, 0x000000070e200000|  0%| F|  |TAMS 0x000000070e000000| PB 0x000000070e000000| Untracked |  0
|  76|0x000000070e200000, 0x000000070e200000, 0x000000070e400000|  0%| F|  |TAMS 0x000000070e200000| PB 0x000000070e200000| Untracked |  0
|  77|0x000000070e400000, 0x000000070e400000, 0x000000070e600000|  0%| F|  |TAMS 0x000000070e400000| PB 0x000000070e400000| Untracked |  0
|  78|0x000000070e600000, 0x000000070e600000, 0x000000070e800000|  0%| F|  |TAMS 0x000000070e600000| PB 0x000000070e600000| Untracked |  0
|  79|0x000000070e800000, 0x000000070e800000, 0x000000070ea00000|  0%| F|  |TAMS 0x000000070e800000| PB 0x000000070e800000| Untracked |  0
|  80|0x000000070ea00000, 0x000000070ea00000, 0x000000070ec00000|  0%| F|  |TAMS 0x000000070ea00000| PB 0x000000070ea00000| Untracked |  0
|  81|0x000000070ec00000, 0x000000070ec00000, 0x000000070ee00000|  0%| F|  |TAMS 0x000000070ec00000| PB 0x000000070ec00000| Untracked |  0
|  82|0x000000070ee00000, 0x000000070ee00000, 0x000000070f000000|  0%| F|  |TAMS 0x000000070ee00000| PB 0x000000070ee00000| Untracked |  0
|  83|0x000000070f000000, 0x000000070f000000, 0x000000070f200000|  0%| F|  |TAMS 0x000000070f000000| PB 0x000000070f000000| Untracked |  0
|  84|0x000000070f200000, 0x000000070f200000, 0x000000070f400000|  0%| F|  |TAMS 0x000000070f200000| PB 0x000000070f200000| Untracked |  0
|  85|0x000000070f400000, 0x000000070f400000, 0x000000070f600000|  0%| F|  |TAMS 0x000000070f400000| PB 0x000000070f400000| Untracked |  0
|  86|0x000000070f600000, 0x000000070f600000, 0x000000070f800000|  0%| F|  |TAMS 0x000000070f600000| PB 0x000000070f600000| Untracked |  0
|  87|0x000000070f800000, 0x000000070f800000, 0x000000070fa00000|  0%| F|  |TAMS 0x000000070f800000| PB 0x000000070f800000| Untracked |  0
|  88|0x000000070fa00000, 0x000000070fa00000, 0x000000070fc00000|  0%| F|  |TAMS 0x000000070fa00000| PB 0x000000070fa00000| Untracked |  0
|  89|0x000000070fc00000, 0x000000070fc00000, 0x000000070fe00000|  0%| F|  |TAMS 0x000000070fc00000| PB 0x000000070fc00000| Untracked |  0
|  90|0x000000070fe00000, 0x000000070fe00000, 0x0000000710000000|  0%| F|  |TAMS 0x000000070fe00000| PB 0x000000070fe00000| Untracked |  0
|  91|0x0000000710000000, 0x0000000710000000, 0x0000000710200000|  0%| F|  |TAMS 0x0000000710000000| PB 0x0000000710000000| Untracked |  0
|  92|0x0000000710200000, 0x0000000710200000, 0x0000000710400000|  0%| F|  |TAMS 0x0000000710200000| PB 0x0000000710200000| Untracked |  0
|  93|0x0000000710400000, 0x0000000710400000, 0x0000000710600000|  0%| F|  |TAMS 0x0000000710400000| PB 0x0000000710400000| Untracked |  0
|  94|0x0000000710600000, 0x0000000710600000, 0x0000000710800000|  0%| F|  |TAMS 0x0000000710600000| PB 0x0000000710600000| Untracked |  0
|  95|0x0000000710800000, 0x0000000710800000, 0x0000000710a00000|  0%| F|  |TAMS 0x0000000710800000| PB 0x0000000710800000| Untracked |  0
|  96|0x0000000710a00000, 0x0000000710a00000, 0x0000000710c00000|  0%| F|  |TAMS 0x0000000710a00000| PB 0x0000000710a00000| Untracked |  0
|  97|0x0000000710c00000, 0x0000000710c00000, 0x0000000710e00000|  0%| F|  |TAMS 0x0000000710c00000| PB 0x0000000710c00000| Untracked |  0
|  98|0x0000000710e00000, 0x0000000710e00000, 0x0000000711000000|  0%| F|  |TAMS 0x0000000710e00000| PB 0x0000000710e00000| Untracked |  0
|  99|0x0000000711000000, 0x0000000711000000, 0x0000000711200000|  0%| F|  |TAMS 0x0000000711000000| PB 0x0000000711000000| Untracked |  0
| 100|0x0000000711200000, 0x0000000711200000, 0x0000000711400000|  0%| F|  |TAMS 0x0000000711200000| PB 0x0000000711200000| Untracked |  0
| 101|0x0000000711400000, 0x0000000711400000, 0x0000000711600000|  0%| F|  |TAMS 0x0000000711400000| PB 0x0000000711400000| Untracked |  0
| 102|0x0000000711600000, 0x0000000711600000, 0x0000000711800000|  0%| F|  |TAMS 0x0000000711600000| PB 0x0000000711600000| Untracked |  0
| 103|0x0000000711800000, 0x0000000711800000, 0x0000000711a00000|  0%| F|  |TAMS 0x0000000711800000| PB 0x0000000711800000| Untracked |  0
| 104|0x0000000711a00000, 0x0000000711a00000, 0x0000000711c00000|  0%| F|  |TAMS 0x0000000711a00000| PB 0x0000000711a00000| Untracked |  0
| 105|0x0000000711c00000, 0x0000000711c00000, 0x0000000711e00000|  0%| F|  |TAMS 0x0000000711c00000| PB 0x0000000711c00000| Untracked |  0
| 106|0x0000000711e00000, 0x0000000711e00000, 0x0000000712000000|  0%| F|  |TAMS 0x0000000711e00000| PB 0x0000000711e00000| Untracked |  0
| 107|0x0000000712000000, 0x0000000712000000, 0x0000000712200000|  0%| F|  |TAMS 0x0000000712000000| PB 0x0000000712000000| Untracked |  0
| 108|0x0000000712200000, 0x0000000712200000, 0x0000000712400000|  0%| F|  |TAMS 0x0000000712200000| PB 0x0000000712200000| Untracked |  0
| 109|0x0000000712400000, 0x0000000712400000, 0x0000000712600000|  0%| F|  |TAMS 0x0000000712400000| PB 0x0000000712400000| Untracked |  0
| 110|0x0000000712600000, 0x0000000712600000, 0x0000000712800000|  0%| F|  |TAMS 0x0000000712600000| PB 0x0000000712600000| Untracked |  0
| 111|0x0000000712800000, 0x0000000712800000, 0x0000000712a00000|  0%| F|  |TAMS 0x0000000712800000| PB 0x0000000712800000| Untracked |  0
| 112|0x0000000712a00000, 0x0000000712af5c48, 0x0000000712c00000| 48%| E|  |TAMS 0x0000000712a00000| PB 0x0000000712a00000| Complete |  0
| 113|0x0000000712c00000, 0x0000000712e00000, 0x0000000712e00000|100%| E|CS|TAMS 0x0000000712c00000| PB 0x0000000712c00000| Complete |  0
| 114|0x0000000712e00000, 0x0000000713000000, 0x0000000713000000|100%| E|CS|TAMS 0x0000000712e00000| PB 0x0000000712e00000| Complete |  0
| 115|0x0000000713000000, 0x0000000713200000, 0x0000000713200000|100%| E|CS|TAMS 0x0000000713000000| PB 0x0000000713000000| Complete |  0
| 116|0x0000000713200000, 0x0000000713400000, 0x0000000713400000|100%| E|CS|TAMS 0x0000000713200000| PB 0x0000000713200000| Complete |  0
| 117|0x0000000713400000, 0x0000000713600000, 0x0000000713600000|100%| E|CS|TAMS 0x0000000713400000| PB 0x0000000713400000| Complete |  0
| 118|0x0000000713600000, 0x0000000713800000, 0x0000000713800000|100%| E|CS|TAMS 0x0000000713600000| PB 0x0000000713600000| Complete |  0
| 119|0x0000000713800000, 0x0000000713a00000, 0x0000000713a00000|100%| E|CS|TAMS 0x0000000713800000| PB 0x0000000713800000| Complete |  0
| 120|0x0000000713a00000, 0x0000000713c00000, 0x0000000713c00000|100%| E|CS|TAMS 0x0000000713a00000| PB 0x0000000713a00000| Complete |  0
| 121|0x0000000713c00000, 0x0000000713e00000, 0x0000000713e00000|100%| E|CS|TAMS 0x0000000713c00000| PB 0x0000000713c00000| Complete |  0
| 122|0x0000000713e00000, 0x0000000714000000, 0x0000000714000000|100%| E|CS|TAMS 0x0000000713e00000| PB 0x0000000713e00000| Complete |  0
| 123|0x0000000714000000, 0x0000000714200000, 0x0000000714200000|100%| E|CS|TAMS 0x0000000714000000| PB 0x0000000714000000| Complete |  0
| 124|0x0000000714200000, 0x0000000714400000, 0x0000000714400000|100%| E|CS|TAMS 0x0000000714200000| PB 0x0000000714200000| Complete |  0
| 125|0x0000000714400000, 0x0000000714600000, 0x0000000714600000|100%| E|CS|TAMS 0x0000000714400000| PB 0x0000000714400000| Complete |  0
|2010|0x00000007ffe00000, 0x00000007fff1d3c0, 0x0000000800000000| 55%| O|  |TAMS 0x00000007ffe00000| PB 0x00000007ffe00000| Untracked |  0

Card table byte_map: [0x00000206344f0000,0x0000020634cd0000] _byte_map_base: 0x0000020630ccb000

Marking Bits: (CMBitMap*) 0x0000020626fedec0
 Bits: [0x0000020634cd0000, 0x0000020638ba8000)

Polling page: 0x0000020625270000

Metaspace:

Usage:
  Non-class:      2.34 MB used.
      Class:    302.70 KB used.
       Both:      2.63 MB used.

Virtual space:
  Non-class space:       64.00 MB reserved,       2.44 MB (  4%) committed,  1 nodes.
      Class space:        1.00 GB reserved,     384.00 KB ( <1%) committed,  1 nodes.
             Both:        1.06 GB reserved,       2.81 MB ( <1%) committed. 

Chunk freelists:
   Non-Class:  11.93 MB
       Class:  15.59 MB
        Both:  27.51 MB

MaxMetaspaceSize: unlimited
CompressedClassSpaceSize: 1.00 GB
Initial GC threshold: 21.00 MB
Current GC threshold: 21.00 MB
CDS: on
 - commit_granule_bytes: 65536.
 - commit_granule_words: 8192.
 - virtual_space_node_default_size: 8388608.
 - enlarge_chunks_in_place: 1.
UseCompressedClassPointers 1, UseCompactObjectHeaders 0
Narrow klass pointer bits 32, Max shift 3
Narrow klass base: 0x000002063c000000, Narrow klass shift: 0
Encoding Range: [0x000002063c000000 - 0x000002073c000000), (4294967296 bytes)
Klass Range:    [0x000002063c000000 - 0x000002067d000000), (1090519040 bytes)
Klass ID Range:  [8 - 1090519033) (1090519025)


Internal statistics:

num_allocs_failed_limit: 0.
num_arena_births: 68.
num_arena_deaths: 0.
num_vsnodes_births: 2.
num_vsnodes_deaths: 0.
num_space_committed: 45.
num_space_uncommitted: 0.
num_chunks_returned_to_freelist: 0.
num_chunks_taken_from_freelist: 73.
num_chunk_merges: 0.
num_chunk_splits: 52.
num_chunks_enlarged: 33.
num_inconsistent_stats: 0.

CodeCache: size=49152Kb used=4390Kb max_used=4390Kb free=44761Kb
 bounds [0x0000020630470000, 0x00000206308c0000, 0x0000020633470000]
 total_blobs=1812, nmethods=1384, adapters=352, full_count=0
Compilation: enabled, stopped_count=0, restarted_count=0

Compilation events (20 events):
Event: 1.006 Thread 0x000002063b87fd80 1375       1       jdk.jfr.internal.EventControl::getEventType (5 bytes)
Event: 1.006 Thread 0x000002063b966270 1376       1       jdk.jfr.internal.EventControl::getSettingsId (5 bytes)
Event: 1.006 Thread 0x000002063b967920 1377       1       jdk.jfr.internal.EventControl::getNamedControls (5 bytes)
Event: 1.006 Thread 0x000002063b968fd0 1378       1       jdk.jfr.internal.PlatformEventType::isEnabled (5 bytes)
Event: 1.006 Thread 0x000002063b967920 nmethod 1377 0x00000206308b6c88 code [0x00000206308b6d80, 0x00000206308b6e48]
Event: 1.006 Thread 0x000002063b966270 nmethod 1376 0x00000206308b6f88 code [0x00000206308b7080, 0x00000206308b7148]
Event: 1.006 Thread 0x000002063b87fd80 nmethod 1375 0x00000206308b7288 code [0x00000206308b7380, 0x00000206308b7448]
Event: 1.006 Thread 0x000002063b967920 1379   !   1       jdk.jfr.internal.Control::setValue (102 bytes)
Event: 1.006 Thread 0x000002063b966270 1380       1       jdk.jfr.internal.SettingsManager$InternalSetting::getValues (35 bytes)
Event: 1.006 Thread 0x000002063b87fd80 1381       1       jdk.jfr.internal.Control::apply (10 bytes)
Event: 1.006 Thread 0x000002063b968fd0 nmethod 1378 0x00000206308b7588 code [0x00000206308b7680, 0x00000206308b7748]
Event: 1.006 Thread 0x000002063b968fd0 1382       1       jdk.jfr.internal.Control::findCombine (121 bytes)
Event: 1.006 Thread 0x000002063b87fd80 nmethod 1381 0x00000206308b7888 code [0x00000206308b79a0, 0x00000206308b7ac0]
Event: 1.006 Thread 0x000002063b966270 nmethod 1380 0x00000206308b7b88 code [0x00000206308b7cc0, 0x00000206308b7ee0]
Event: 1.006 Thread 0x000002063b968fd0 nmethod 1382 0x00000206308b7f08 code [0x00000206308b80c0, 0x00000206308b8888]
Event: 1.006 Thread 0x000002063b967920 nmethod 1379 0x00000206308b8908 code [0x00000206308b8b00, 0x00000206308b91c8]
Event: 1.009 Thread 0x000002063b966270 1383       1       jdk.jfr.internal.periodic.EventTask::getEventType (5 bytes)
Event: 1.009 Thread 0x000002063b966270 nmethod 1383 0x00000206308b9288 code [0x00000206308b9380, 0x00000206308b9448]
Event: 1.009 Thread 0x000002063b87fd80 1384       1       jdk.jfr.internal.periodic.PeriodicTask::getPeriod (5 bytes)
Event: 1.009 Thread 0x000002063b87fd80 nmethod 1384 0x00000206308b9588 code [0x00000206308b9680, 0x00000206308b9748]

GC Heap History (0 events):
No events

Dll operation events (8 events):
Event: 0.060 Loaded shared library C:\Program Files\Java\jdk-24\bin\java.dll
Event: 0.507 Loaded shared library C:\Program Files\Java\jdk-24\bin\zip.dll
Event: 0.515 Loaded shared library C:\Program Files\Java\jdk-24\bin\instrument.dll
Event: 0.529 Loaded shared library C:\Program Files\Java\jdk-24\bin\net.dll
Event: 0.538 Loaded shared library C:\Program Files\Java\jdk-24\bin\nio.dll
Event: 0.548 Loaded shared library C:\Program Files\Java\jdk-24\bin\zip.dll
Event: 0.772 Loaded shared library C:\Program Files\Java\jdk-24\bin\extnet.dll
Event: 0.808 Loaded shared library C:\Program Files\Java\jdk-24\bin\jimage.dll

Deoptimization events (0 events):
No events

Classes loaded (20 events):
Event: 0.953 Loading class jdk/jfr/internal/MetadataWriter
Event: 0.953 Loading class jdk/jfr/internal/MetadataWriter done
Event: 0.953 Loading class jdk/jfr/internal/MetadataDescriptor$Element
Event: 0.953 Loading class jdk/jfr/internal/MetadataDescriptor$Element done
Event: 0.954 Loading class jdk/jfr/internal/MetadataDescriptor$Attribute
Event: 0.954 Loading class jdk/jfr/internal/MetadataDescriptor$Attribute done
Event: 0.959 Loading class jdk/jfr/internal/consumer/StringParser$Encoding
Event: 0.959 Loading class jdk/jfr/internal/consumer/StringParser$Encoding done
Event: 0.967 Loading class jdk/jfr/internal/consumer/RepositoryFiles
Event: 0.967 Loading class jdk/jfr/internal/consumer/RepositoryFiles done
Event: 1.003 Loading class jdk/jfr/internal/SettingsManager$InternalSetting
Event: 1.003 Loading class jdk/jfr/internal/SettingsManager$InternalSetting done
Event: 1.004 Loading class jdk/jfr/internal/util/Rate
Event: 1.004 Loading class jdk/jfr/internal/util/Rate done
Event: 1.004 Loading class jdk/jfr/internal/util/TimespanUnit
Event: 1.004 Loading class jdk/jfr/internal/util/TimespanUnit done
Event: 1.005 Loading class jdk/jfr/internal/util/ValueParser
Event: 1.005 Loading class jdk/jfr/internal/util/ValueParser done
Event: 1.006 Loading class jdk/jfr/internal/periodic/PeriodicType
Event: 1.006 Loading class jdk/jfr/internal/periodic/PeriodicType done

Classes unloaded (0 events):
No events

Classes redefined (0 events):
No events

Internal exceptions (18 events):
Event: 0.752 Thread 0x0000020626f851d0 Exception <a 'java/lang/NoSuchMethodError'{0x0000000713af11f0}: 'void java.lang.invoke.DirectMethodHandle$Holder.invokeStatic(java.lang.Object, java.lang.Object, java.lang.Object)'> (0x0000000713af11f0) 
thrown [s\open\src\hotspot\share\interpreter\linkResolver.cpp, line 805]
Event: 0.759 Thread 0x0000020626f851d0 Exception <a 'java/lang/NoSuchMethodError'{0x0000000713b7c5c0}: 'java.lang.Object java.lang.invoke.Invokers$Holder.invokeExact_MT(java.lang.Object, java.lang.Object, java.lang.Object, java.lang.Object, java.lang.Object)'> (0x0000000713b7c5c0) 
thrown [s\open\src\hotspot\share\interpreter\linkResolver.cpp, line 805]
Event: 0.769 Thread 0x0000020626f851d0 Exception <a 'java/lang/NoSuchMethodError'{0x0000000713b8db80}: 'java.lang.Object java.lang.invoke.DirectMethodHandle$Holder.invokeStaticInit(java.lang.Object, java.lang.Object, java.lang.Object)'> (0x0000000713b8db80) 
thrown [s\open\src\hotspot\share\interpreter\linkResolver.cpp, line 805]
Event: 0.770 Thread 0x000002067d4ba420 Exception <a 'java/lang/NoSuchMethodError'{0x0000000713805190}: 'java.lang.Object java.lang.invoke.DirectMethodHandle$Holder.invokeStaticInit(java.lang.Object)'> (0x0000000713805190) 
thrown [s\open\src\hotspot\share\interpreter\linkResolver.cpp, line 805]
Event: 0.774 Thread 0x000002067d4ba420 Exception <a 'java/lang/NoSuchMethodError'{0x000000071380fd98}: 'void java.lang.invoke.DirectMethodHandle$Holder.invokeStatic(java.lang.Object, java.lang.Object)'> (0x000000071380fd98) 
thrown [s\open\src\hotspot\share\interpreter\linkResolver.cpp, line 805]
Event: 0.821 Thread 0x0000020626f851d0 Exception <a 'java/lang/NoSuchMethodError'{0x00000007137789a8}: 'void java.lang.invoke.DirectMethodHandle$Holder.invokeStaticInit(java.lang.Object)'> (0x00000007137789a8) 
thrown [s\open\src\hotspot\share\interpreter\linkResolver.cpp, line 805]
Event: 0.832 Thread 0x0000020626f851d0 Exception <a 'java/lang/NoSuchMethodError'{0x00000007137e9da0}: 'void java.lang.invoke.DirectMethodHandle$Holder.invokeSpecial(java.lang.Object, java.lang.Object, java.lang.Object)'> (0x00000007137e9da0) 
thrown [s\open\src\hotspot\share\interpreter\linkResolver.cpp, line 805]
Event: 0.843 Thread 0x0000020626f851d0 Exception <a 'java/lang/NoSuchMethodError'{0x00000007134518d8}: 'java.lang.Object java.lang.invoke.DirectMethodHandle$Holder.newInvokeSpecial(java.lang.Object, java.lang.Object, java.lang.Object, java.lang.Object, java.lang.Object)'> (0x00000007134518d8) 
thrown [s\open\src\hotspot\share\interpreter\linkResolver.cpp, line 805]
Event: 0.873 Thread 0x0000020626f851d0 Exception <a 'java/lang/NoSuchMethodError'{0x00000007135e7a80}: 'long java.lang.invoke.DirectMethodHandle$Holder.invokeVirtual(java.lang.Object, java.lang.Object)'> (0x00000007135e7a80) 
thrown [s\open\src\hotspot\share\interpreter\linkResolver.cpp, line 805]
Event: 0.903 Thread 0x0000020626f851d0 Exception <a 'java/lang/NoSuchMethodError'{0x000000071303d278}: 'int java.lang.invoke.DirectMethodHandle$Holder.invokeSpecial(java.lang.Object, java.lang.Object, java.lang.Object)'> (0x000000071303d278) 
thrown [s\open\src\hotspot\share\interpreter\linkResolver.cpp, line 805]
Event: 0.939 Thread 0x0000020626f851d0 Exception <a 'java/lang/NoSuchMethodError'{0x0000000712e235a8}: 'void java.lang.invoke.DirectMethodHandle$Holder.invokeSpecial(java.lang.Object, java.lang.Object, int)'> (0x0000000712e235a8) 
thrown [s\open\src\hotspot\share\interpreter\linkResolver.cpp, line 805]
Event: 0.940 Thread 0x0000020626f851d0 Exception <a 'java/lang/NoSuchMethodError'{0x0000000712e2b1c8}: 'void java.lang.invoke.Invokers$Holder.invokeExact_MT(java.lang.Object, int, java.lang.Object)'> (0x0000000712e2b1c8) 
thrown [s\open\src\hotspot\share\interpreter\linkResolver.cpp, line 805]
Event: 0.941 Thread 0x0000020626f851d0 Exception <a 'java/lang/NoSuchMethodError'{0x0000000712e45af8}: 'void java.lang.invoke.DirectMethodHandle$Holder.invokeStatic(java.lang.Object, java.lang.Object, int)'> (0x0000000712e45af8) 
thrown [s\open\src\hotspot\share\interpreter\linkResolver.cpp, line 805]
Event: 0.941 Thread 0x0000020626f851d0 Exception <a 'java/lang/NoSuchMethodError'{0x0000000712e54be8}: 'java.lang.Object java.lang.invoke.DirectMethodHandle$Holder.newInvokeSpecial(java.lang.Object, java.lang.Object, int)'> (0x0000000712e54be8) 
thrown [s\open\src\hotspot\share\interpreter\linkResolver.cpp, line 805]
Event: 0.942 Thread 0x000002067ea64d40 Exception <a 'java/lang/NoSuchMethodError'{0x0000000712ef6fa8}: 'long java.lang.invoke.DirectMethodHandle$Holder.invokeSpecial(java.lang.Object, java.lang.Object)'> (0x0000000712ef6fa8) 
thrown [s\open\src\hotspot\share\interpreter\linkResolver.cpp, line 805]
Event: 0.945 Thread 0x0000020626f851d0 Exception <a 'sun/nio/fs/WindowsException'{0x0000000712e89bd0}> (0x0000000712e89bd0) 
thrown [s\open\src\hotspot\share\prims\jni.cpp, line 518]
Event: 0.947 Thread 0x0000020626f851d0 Exception <a 'sun/nio/fs/WindowsException'{0x0000000712e96c38}> (0x0000000712e96c38) 
thrown [s\open\src\hotspot\share\prims\jni.cpp, line 518]
Event: 0.950 Thread 0x0000020626f851d0 Exception <a 'sun/nio/fs/WindowsException'{0x0000000712ea8fc8}> (0x0000000712ea8fc8) 
thrown [s\open\src\hotspot\share\prims\jni.cpp, line 518]

VM Operations (8 events):
Event: 0.446 Executing VM operation: HandshakeAllThreads (Deoptimize)
Event: 0.446 Executing VM operation: HandshakeAllThreads (Deoptimize) done
Event: 0.943 Executing VM operation: HandshakeAllThreads (Deoptimize)
Event: 0.943 Executing VM operation: HandshakeAllThreads (Deoptimize) done
Event: 0.944 Executing VM operation: HandshakeAllThreads (Deoptimize)
Event: 0.944 Executing VM operation: HandshakeAllThreads (Deoptimize) done
Event: 0.967 Executing VM operation: JFRSafepointClear
Event: 0.967 Executing VM operation: JFRSafepointClear done

Memory protections (0 events):
No events

Nmethod flushes (0 events):
No events

Events (15 events):
Event: 0.094 Thread 0x0000020626f851d0 Thread added: 0x0000020626f851d0
Event: 0.123 Thread 0x0000020626f851d0 Thread added: 0x000002063b8677c0
Event: 0.123 Thread 0x0000020626f851d0 Thread added: 0x000002063b868060
Event: 0.123 Thread 0x0000020626f851d0 Thread added: 0x000002063b86f560
Event: 0.124 Thread 0x0000020626f851d0 Thread added: 0x000002063b870090
Event: 0.124 Thread 0x0000020626f851d0 Thread added: 0x000002063b870e40
Event: 0.124 Thread 0x0000020626f851d0 Thread added: 0x000002063b873d80
Event: 0.124 Thread 0x0000020626f851d0 Thread added: 0x000002063b87fd80
Event: 0.429 Thread 0x0000020626f851d0 Thread added: 0x000002063b95e960
Event: 0.446 Thread 0x000002063b87fd80 Thread added: 0x000002063b966270
Event: 0.447 Thread 0x000002063b87fd80 Thread added: 0x000002063b967920
Event: 0.763 Thread 0x0000020626f851d0 Thread added: 0x000002067d4ba420
Event: 0.819 Thread 0x0000020626f851d0 Thread added: 0x000002067d8c4c60
Event: 0.914 Thread 0x000002063b966270 Thread added: 0x000002063b968fd0
Event: 0.942 Thread 0x0000020626f851d0 Thread added: 0x000002067ea64d40


Dynamic libraries:
0x00007ff7acb20000 - 0x00007ff7acb30000 	C:\Program Files\Java\jdk-24\bin\java.exe
0x00007ffc126b0000 - 0x00007ffc128c7000 	C:\Windows\SYSTEM32\ntdll.dll
0x00007ffc11a70000 - 0x00007ffc11b34000 	C:\Windows\System32\KERNEL32.DLL
0x00007ffc0fd10000 - 0x00007ffc100e1000 	C:\Windows\System32\KERNELBASE.dll
0x00007ffc06310000 - 0x00007ffc063a7000 	C:\Windows\SYSTEM32\apphelp.dll
0x00007ffc100f0000 - 0x00007ffc10201000 	C:\Windows\System32\ucrtbase.dll
0x00007ffbf7490000 - 0x00007ffbf74ab000 	C:\Program Files\Java\jdk-24\bin\VCRUNTIME140.dll
0x00007ffbf7510000 - 0x00007ffbf7526000 	C:\Program Files\Java\jdk-24\bin\jli.dll
0x00007ffc12030000 - 0x00007ffc121e1000 	C:\Windows\System32\USER32.dll
0x00007ffc0f7f0000 - 0x00007ffc0f816000 	C:\Windows\System32\win32u.dll
0x00007ffbf8240000 - 0x00007ffbf84d2000 	C:\Windows\WinSxS\amd64_microsoft.windows.common-controls_6595b64144ccf1df_6.0.22621.4830_none_270fe7d773858e80\COMCTL32.dll
0x00007ffc109b0000 - 0x00007ffc109d9000 	C:\Windows\System32\GDI32.dll
0x00007ffc11110000 - 0x00007ffc111b7000 	C:\Windows\System32\msvcrt.dll
0x00007ffc0fa50000 - 0x00007ffc0fb6b000 	C:\Windows\System32\gdi32full.dll
0x00007ffc0fbf0000 - 0x00007ffc0fc8a000 	C:\Windows\System32\msvcp_win.dll
0x00007ffc11cb0000 - 0x00007ffc11ce1000 	C:\Windows\System32\IMM32.DLL
0x00007ffc02b00000 - 0x00007ffc02b0c000 	C:\Program Files\Java\jdk-24\bin\vcruntime140_1.dll
0x00007ffbc87c0000 - 0x00007ffbc884e000 	C:\Program Files\Java\jdk-24\bin\msvcp140.dll
0x00007ffb332d0000 - 0x00007ffb34072000 	C:\Program Files\Java\jdk-24\bin\server\jvm.dll
0x00007ffc11dc0000 - 0x00007ffc11e71000 	C:\Windows\System32\ADVAPI32.dll
0x00007ffc10900000 - 0x00007ffc109a7000 	C:\Windows\System32\sechost.dll
0x00007ffc10350000 - 0x00007ffc10378000 	C:\Windows\System32\bcrypt.dll
0x00007ffc10f20000 - 0x00007ffc11034000 	C:\Windows\System32\RPCRT4.dll
0x00007ffc105b0000 - 0x00007ffc10621000 	C:\Windows\System32\WS2_32.dll
0x00007ffc0e680000 - 0x00007ffc0e6cd000 	C:\Windows\SYSTEM32\POWRPROF.dll
0x00007ffc067f0000 - 0x00007ffc06824000 	C:\Windows\SYSTEM32\WINMM.dll
0x00007ffbf8c50000 - 0x00007ffbf8c5a000 	C:\Windows\SYSTEM32\VERSION.dll
0x00007ffc0e640000 - 0x00007ffc0e653000 	C:\Windows\SYSTEM32\UMPDC.dll
0x00007ffc0e8f0000 - 0x00007ffc0e908000 	C:\Windows\SYSTEM32\kernel.appcore.dll
0x00007ffbf7480000 - 0x00007ffbf748a000 	C:\Program Files\Java\jdk-24\bin\jimage.dll
0x00007ffc0d2c0000 - 0x00007ffc0d4f2000 	C:\Windows\SYSTEM32\DBGHELP.DLL
0x00007ffc109e0000 - 0x00007ffc10d70000 	C:\Windows\System32\combase.dll
0x00007ffc10430000 - 0x00007ffc10507000 	C:\Windows\System32\OLEAUT32.dll
0x00007ffbf8110000 - 0x00007ffbf8142000 	C:\Windows\SYSTEM32\dbgcore.DLL
0x00007ffc0fc90000 - 0x00007ffc0fd0b000 	C:\Windows\System32\bcryptPrimitives.dll
0x00007ffbf6460000 - 0x00007ffbf646f000 	C:\Program Files\Java\jdk-24\bin\instrument.dll
0x00007ffbf6470000 - 0x00007ffbf648e000 	C:\Program Files\Java\jdk-24\bin\java.dll
0x00007ffc10d70000 - 0x00007ffc10f11000 	C:\Windows\System32\ole32.dll
0x00007ffc111e0000 - 0x00007ffc11a68000 	C:\Windows\System32\SHELL32.dll
0x00007ffc10210000 - 0x00007ffc1034f000 	C:\Windows\System32\wintypes.dll
0x00007ffb3bde0000 - 0x00007ffb3bfee000 	C:\Users\roman.urrego\AppData\Local\Temp\idea_libasyncProfiler_dll_temp_folder\libasyncProfiler.dll
0x00007ffc0d590000 - 0x00007ffc0de9d000 	C:\Windows\SYSTEM32\windows.storage.dll
0x00007ffc10630000 - 0x00007ffc1073a000 	C:\Windows\System32\SHCORE.dll
0x00007ffc11090000 - 0x00007ffc110ee000 	C:\Windows\System32\shlwapi.dll
0x00007ffc0f720000 - 0x00007ffc0f74b000 	C:\Windows\SYSTEM32\profapi.dll
0x00007ffbe2880000 - 0x00007ffbe2897000 	C:\Program Files\Java\jdk-24\bin\zip.dll
0x00007ffbf6450000 - 0x00007ffbf6460000 	C:\Program Files\Java\jdk-24\bin\net.dll
0x00007ffc0ed50000 - 0x00007ffc0edba000 	C:\Windows\system32\mswsock.dll
0x00007ffbf6430000 - 0x00007ffbf6446000 	C:\Program Files\Java\jdk-24\bin\nio.dll
0x00007ffbf6420000 - 0x00007ffbf6429000 	C:\Program Files\Java\jdk-24\bin\extnet.dll

dbghelp: loaded successfully - version: 4.0.5 - missing functions: none
symbol engine: initialized successfully - sym options: 0x614 - pdb path: .;C:\Program Files\Java\jdk-24\bin;C:\Windows\SYSTEM32;C:\Windows\WinSxS\amd64_microsoft.windows.common-controls_6595b64144ccf1df_6.0.22621.4830_none_270fe7d773858e80;C:\Program Files\Java\jdk-24\bin\server;C:\Users\roman.urrego\AppData\Local\Temp\idea_libasyncProfiler_dll_temp_folder

VM Arguments:
jvm_args: -XX:TieredStopAtLevel=1 -Dspring.output.ansi.enabled=always -Dcom.sun.management.jmxremote -Dspring.jmx.enabled=true -Dspring.liveBeansView.mbeanDomain -Dspring.application.admin.enabled=true -Dmanagement.endpoints.jmx.exposure.include=* -javaagent:C:\Program Files\JetBrains\IntelliJ IDEA 2024.3.5\lib\idea_rt.jar=56874 -agentpath:C:\Users\roman.urrego\AppData\Local\Temp\idea_libasyncProfiler_dll_temp_folder\libasyncProfiler.dll=start,jfr,event=wall,interval=10ms,jfrsync=profile,cstack=no,file=C:\Users\roman.urrego\IdeaSnapshots\EurekaServerApplication_2025_04_06_211700.jfr,dbghelppath=C:\Users\roman.urrego\AppData\Local\Temp\idea_dbghelp_dll_temp_folder\dbghelp.dll,log=C:\Users\roman.urrego\AppData\Local\Temp\EurekaServerApplication_2025_04_06_211700.jfr.log.txt,logLevel=DEBUG -Dfile.encoding=UTF-8 -Dsun.stdout.encoding=UTF-8 -Dsun.stderr.encoding=UTF-8 
java_command: com.mismidones.eurekaserver.EurekaServerApplication
java_class_path (initial): C:\Users\roman.urrego\Documents\universidad\Desarrollo de software 2\proyectomicroservicios\microservicios2\eureka-server\target\classes;C:\Users\roman.urrego\.m2\repository\org\springframework\boot\spring-boot-starter-web\3.3.10\spring-boot-starter-web-3.3.10.jar;C:\Users\roman.urrego\.m2\repository\org\springframework\boot\spring-boot-starter\3.3.10\spring-boot-starter-3.3.10.jar;C:\Users\roman.urrego\.m2\repository\org\springframework\boot\spring-boot-starter-logging\3.3.10\spring-boot-starter-logging-3.3.10.jar;C:\Users\roman.urrego\.m2\repository\ch\qos\logback\logback-classic\1.5.18\logback-classic-1.5.18.jar;C:\Users\roman.urrego\.m2\repository\ch\qos\logback\logback-core\1.5.18\logback-core-1.5.18.jar;C:\Users\roman.urrego\.m2\repository\org\apache\logging\log4j\log4j-to-slf4j\2.23.1\log4j-to-slf4j-2.23.1.jar;C:\Users\roman.urrego\.m2\repository\org\apache\logging\log4j\log4j-api\2.23.1\log4j-api-2.23.1.jar;C:\Users\roman.urrego\.m2\repository\org\slf4j\jul-to-slf4j\2.0.17\jul-to-slf4j-2.0.17.jar;C:\Users\roman.urrego\.m2\repository\jakarta\annotation\jakarta.annotation-api\2.1.1\jakarta.annotation-api-2.1.1.jar;C:\Users\roman.urrego\.m2\repository\org\yaml\snakeyaml\2.2\snakeyaml-2.2.jar;C:\Users\roman.urrego\.m2\repository\org\springframework\boot\spring-boot-starter-json\3.3.10\spring-boot-starter-json-3.3.10.jar;C:\Users\roman.urrego\.m2\repository\com\fasterxml\jackson\core\jackson-databind\2.17.3\jackson-databind-2.17.3.jar;C:\Users\roman.urrego\.m2\repository\com\fasterxml\jackson\core\jackson-annotations\2.17.3\jackson-annotations-2.17.3.jar;C:\Users\roman.urrego\.m2\repository\com\fasterxml\jackson\core\jackson-core\2.17.3\jackson-core-2.17.3.jar;C:\Users\roman.urrego\.m2\repository\com\fasterxml\jackson\datatype\jackson-datatype-jdk8\2.17.3\jackson-datatype-jdk8-2.17.3.jar;C:\Users\roman.urrego\.m2\repository\com\fasterxml\jackson\datatype\jackson-datatype-jsr310\2.17.3\jackson-datatype-jsr310-2.17.3.jar;C:\Users\roman.urrego\.m2\repository\com\fasterxml\jackson\module\jackson-module-parameter-names\2.17.3\jackson-module-parameter-names-2.17.3.jar;C:\Users\roman.urrego\.m2\repository\org\springframework\boot\spring-boot-starter-tomcat\3.3.10\spring-boot-starter-tomcat-3.3.10.jar;C:\Users\roman.urrego\.m2\repository\org\apache\tomcat\embed\tomcat-embed-core\10.1.39\tomcat-embed-core-10.1.39.jar;C:\Users\roman.urrego\.m2\repository\org\apache\tomcat\embed\tomcat-embed-el\10.1.39\tomcat-embed-el-10.1.39.jar;C:\Users\roman.urrego\.m2\repository\org\apache\tomcat\embed\tomcat-embed-websocket\10.1.39\tomcat-embed-websocket-10.1.39.jar;C:\Users\roman.urrego\.m2\repository\org\springframework\spring-web\6.1.18\spring-web-6.1.18.jar;C:\Users\roman.urrego\.m2\repository\org\springframework\spring-beans\6.1.18\spring-beans-6.1.18.jar;C:\Users\roman.urrego\.m2\repository\io\micrometer\micrometer-observation\1.13.12\micrometer-observation-1.13.12.jar;C:\Users\roman.urrego\.m2\repository\io\micrometer\micrometer-commons\1.13.12\micrometer-commons-1.13.12.jar;C:\Users\roman.urrego\.m2\repository\org\springframework\spring-webmvc\6.1.18\spring-webmvc-6.1.18.jar;C:\Users\roman.urrego\.m2\repository\org\springframework\spring-aop\6.1.18\spring-aop-6.1.18.jar;C:\Users\roman.urrego\.m2\repository\org\springframework\spring-context\6.1.18\spring-context-6.1.18.jar;C:\Users\roman.urrego\.m2\repository\org\springframework\spring-expression\6.1.18\spring-expression-6.1.18.jar;C:\Users\roman.urrego\.m2\repository\org\springframework\cloud\spring-cloud-starter-netflix-eureka-server\4.1.5\spring-cloud-starter-netflix-eureka-server-4.1.5.jar;C:\Users\roman.urrego\.m2\repository\org\springframework\cloud\spring-cloud-starter\4.1.5\spring-cloud-starter-4.1.5.jar;C:\Users\roman.urrego\.m2\repository\org\springframework\cloud\spring-cloud-context\4.1.5\spring-cloud-context-4.1.5.jar;C:\Users\roman.urrego\.m2\repository\org\springframework\security\spring-security-crypto\6.3.8\spring-security-crypto-6.3.8.jar;C:\Users\roman.urrego\.m2\repository\org\springframework\cloud\spring-cloud-commons\4.1.5\spring-cloud-commons-4.1.5.jar;C:\Users\roman.urrego\.m2\repository\org\springframework\security\spring-security-rsa\1.1.3\spring-security-rsa-1.1.3.jar;C:\Users\roman.urrego\.m2\repository\org\bouncycastle\bcprov-jdk18on\1.78\bcprov-jdk18on-1.78.jar;C:\Users\roman.urrego\.m2\repository\org\springframework\cloud\spring-cloud-netflix-eureka-server\4.1.5\spring-cloud-netflix-eureka-server-4.1.5.jar;C:\Users\roman.urrego\.m2\repository\org\springframework\boot\spring-boot-starter-actuator\3.3.10\spring-boot-starter-actuator-3.3.10.jar;C:\Users\roman.urrego\.m2\repository\org\springframework\boot\spring-boot-actuator-autoconfigure\3.3.10\spring-boot-actuator-autoconfigure-3.3.10.jar;C:\Users\roman.urrego\.m2\repository\org\springframework\boot\spring-boot-actuator\3.3.10\spring-boot-actuator-3.3.10.jar;C:\Users\roman.urrego\.m2\repository\io\micrometer\micrometer-jakarta9\1.13.12\micrometer-jakarta9-1.13.12.jar;C:\Users\roman.urrego\.m2\repository\io\micrometer\micrometer-core\1.13.12\micrometer-core-1.13.12.jar;C:\Users\roman.urrego\.m2\repository\org\hdrhistogram\HdrHistogram\2.2.2\HdrHistogram-2.2.2.jar;C:\Users\roman.urrego\.m2\repository\org\latencyutils\LatencyUtils\2.0.3\LatencyUtils-2.0.3.jar;C:\Users\roman.urrego\.m2\repository\org\springframework\boot\spring-boot-starter-freemarker\3.3.10\spring-boot-starter-freemarker-3.3.10.jar;C:\Users\roman.urrego\.m2\repository\org\freemarker\freemarker\2.3.34\freemarker-2.3.34.jar;C:\Users\roman.urrego\.m2\repository\org\springframework\spring-context-support\6.1.18\spring-context-support-6.1.18.jar;C:\Users\roman.urrego\.m2\repository\org\springframework\cloud\spring-cloud-netflix-eureka-client\4.1.5\spring-cloud-netflix-eureka-client-4.1.5.jar;C:\Users\roman.urrego\.m2\repository\com\netflix\eureka\eureka-client\2.0.4\eureka-client-2.0.4.jar;C:\Users\roman.urrego\.m2\repository\com\thoughtworks\xstream\xstream\1.4.20\xstream-1.4.20.jar;C:\Users\roman.urrego\.m2\repository\io\github\x-stream\mxparser\1.2.2\mxparser-1.2.2.jar;C:\Users\roman.urrego\.m2\repository\xmlpull\xmlpull\1.1.3.1\xmlpull-1.1.3.1.jar;C:\Users\roman.urrego\.m2\repository\com\netflix\spectator\spectator-api\1.7.3\spectator-api-1.7.3.jar;C:\Users\roman.urrego\.m2\repository\org\apache\httpcomponents\httpclient\4.5.3\httpclient-4.5.3.jar;C:\Users\roman.urrego\.m2\repository\org\apache\httpcomponents\httpcore\4.4.16\httpcore-4.4.16.jar;C:\Users\roman.urrego\.m2\repository\commons-configuration\commons-configuration\1.10\commons-configuration-1.10.jar;C:\Users\roman.urrego\.m2\repository\commons-lang\commons-lang\2.6\commons-lang-2.6.jar;C:\Users\roman.urrego\.m2\repository\com\netflix\netflix-commons\netflix-eventbus\0.3.0\netflix-eventbus-0.3.0.jar;C:\Users\roman.urrego\.m2\repository\com\netflix\netflix-commons\netflix-infix\0.3.0\netflix-infix-0.3.0.jar;C:\Users\roman.urrego\.m2\repository\commons-jxpath\commons-jxpath\1.3\commons-jxpath-1.3.jar;C:\Users\roman.urrego\.m2\repository\joda-time\joda-time\2.3\joda-time-2.3.jar;C:\Users\roman.urrego\.m2\repository\org\antlr\antlr-runtime\3.4\antlr-runtime-3.4.jar;C:\Users\roman.urrego\.m2\repository\org\antlr\stringtemplate\3.2.1\stringtemplate-3.2.1.jar;C:\Users\roman.urrego\.m2\repository\antlr\antlr\2.7.7\antlr-2.7.7.jar;C:\Users\roman.urrego\.m2\repository\com\google\code\gson\gson\2.10.1\gson-2.10.1.jar;C:\Users\roman.urrego\.m2\repository\com\netflix\servo\servo-core\0.5.3\servo-core-0.5.3.jar;C:\Users\roman.urrego\.m2\repository\org\apache\commons\commons-math\2.2\commons-math-2.2.jar;C:\Users\roman.urrego\.m2\repository\javax\annotation\javax.annotation-api\1.2\javax.annotation-api-1.2.jar;C:\Users\roman.urrego\.m2\repository\org\codehaus\jettison\jettison\1.5.4\jettison-1.5.4.jar;C:\Users\roman.urrego\.m2\repository\org\apache\httpcomponents\client5\httpclient5\5.3.1\httpclient5-5.3.1.jar;C:\Users\roman.urrego\.m2\repository\org\apache\httpcomponents\core5\httpcore5\5.2.5\httpcore5-5.2.5.jar;C:\Users\roman.urrego\.m2\repository\org\apache\httpcomponents\core5\httpcore5-h2\5.2.5\httpcore5-h2-5.2.5.jar;C:\Users\roman.urrego\.m2\repository\com\netflix\eureka\eureka-client-jersey3\2.0.4\eureka-client-jersey3-2.0.4.jar;C:\Users\roman.urrego\.m2\repository\org\glassfish\jersey\connectors\jersey-apache-connector\3.1.10\jersey-apache-connector-3.1.10.jar;C:\Users\roman.urrego\.m2\repository\commons-codec\commons-codec\1.16.1\commons-codec-1.16.1.jar;C:\Users\roman.urrego\.m2\repository\commons-logging\commons-logging\1.3.4\commons-logging-1.3.4.jar;C:\Users\roman.urrego\.m2\repository\com\netflix\eureka\eureka-core-jersey3\2.0.4\eureka-core-jersey3-2.0.4.jar;C:\Users\roman.urrego\.m2\repository\com\netflix\eureka\eureka-core\2.0.4\eureka-core-2.0.4.jar;C:\Users\roman.urrego\.m2\repository\com\google\guava\guava\33.0.0-jre\guava-33.0.0-jre.jar;C:\Users\roman.urrego\.m2\repository\com\google\guava\failureaccess\1.0.2\failureaccess-1.0.2.jar;C:\Users\roman.urrego\.m2\repository\com\google\guava\listenablefuture\9999.0-empty-to-avoid-conflict-with-guava\listenablefuture-9999.0-empty-to-avoid-conflict-with-guava.jar;C:\Users\roman.urrego\.m2\repository\org\checkerframework\checker-qual\3.41.0\checker-qual-3.41.0.jar;C:\Users\roman.urrego\.m2\repository\com\google\errorprone\error_prone_annotations\2.23.0\error_prone_annotations-2.23.0.jar;C:\Users\roman.urrego\.m2\repository\com\google\j2objc\j2objc-annotations\2.8\j2objc-annotations-2.8.jar;C:\Users\roman.urrego\.m2\repository\org\glassfish\jersey\containers\jersey-container-servlet\3.1.10\jersey-container-servlet-3.1.10.jar;C:\Users\roman.urrego\.m2\repository\org\glassfish\jersey\containers\jersey-container-servlet-core\3.1.10\jersey-container-servlet-core-3.1.10.jar;C:\Users\roman.urrego\.m2\repository\org\glassfish\jersey\core\jersey-common\3.1.10\jersey-common-3.1.10.jar;C:\Users\roman.urrego\.m2\repository\org\glassfish\hk2\osgi-resource-locator\1.0.3\osgi-resource-locator-1.0.3.jar;C:\Users\roman.urrego\.m2\repository\jakarta\ws\rs\jakarta.ws.rs-api\3.1.0\jakarta.ws.rs-api-3.1.0.jar;C:\Users\roman.urrego\.m2\repository\org\glassfish\jersey\core\jersey-server\3.1.10\jersey-server-3.1.10.jar;C:\Users\roman.urrego\.m2\repository\jakarta\inject\jakarta.inject-api\2.0.1\jakarta.inject-api-2.0.1.jar;C:\Users\roman.urrego\.m2\repository\jakarta\validation\jakarta.validation-api\3.0.2\jakarta.validation-api-3.0.2.jar;C:\Users\roman.urrego\.m2\repository\org\glassfish\jersey\core\jersey-client\3.1.10\jersey-client-3.1.10.jar;C:\Users\roman.urrego\.m2\repository\org\glassfish\jersey\inject\jersey-hk2\3.1.10\jersey-hk2-3.1.10.jar;C:\Users\roman.urrego\.m2\repository\org\glassfish\hk2\hk2-locator\3.0.6\hk2-locator-3.0.6.jar;C:\Users\roman.urrego\.m2\repository\org\glassfish\hk2\external\aopalliance-repackaged\3.0.6\aopalliance-repackaged-3.0.6.jar;C:\Users\roman.urrego\.m2\repository\org\glassfish\hk2\hk2-utils\3.0.6\hk2-utils-3.0.6.jar;C:\Users\roman.urrego\.m2\repository\org\javassist\javassist\3.30.2-GA\javassist-3.30.2-GA.jar;C:\Users\roman.urrego\.m2\repository\org\glassfish\hk2\spring-bridge\3.1.1\spring-bridge-3.1.1.jar;C:\Users\roman.urrego\.m2\repository\org\glassfish\hk2\hk2-api\3.1.1\hk2-api-3.1.1.jar;C:\Users\roman.urrego\.m2\repository\com\fasterxml\jackson\dataformat\jackson-dataformat-xml\2.17.3\jackson-dataformat-xml-2.17.3.jar;C:\Users\roman.urrego\.m2\repository\org\codehaus\woodstox\stax2-api\4.2.2\stax2-api-4.2.2.jar;C:\Users\roman.urrego\.m2\repository\com\fasterxml\woodstox\woodstox-core\6.7.0\woodstox-core-6.7.0.jar;C:\Users\roman.urrego\.m2\repository\org\springframework\cloud\spring-cloud-starter-loadbalancer\4.1.5\spring-cloud-starter-loadbalancer-4.1.5.jar;C:\Users\roman.urrego\.m2\repository\org\springframework\cloud\spring-cloud-loadbalancer\4.1.5\spring-cloud-loadbalancer-4.1.5.jar;C:\Users\roman.urrego\.m2\repository\io\projectreactor\reactor-core\3.6.15\reactor-core-3.6.15.jar;C:\Users\roman.urrego\.m2\repository\org\reactivestreams\reactive-streams\1.0.4\reactive-streams-1.0.4.jar;C:\Users\roman.urrego\.m2\repository\io\projectreactor\addons\reactor-extra\3.5.2\reactor-extra-3.5.2.jar;C:\Users\roman.urrego\.m2\repository\org\springframework\boot\spring-boot-starter-cache\3.3.10\spring-boot-starter-cache-3.3.10.jar;C:\Users\roman.urrego\.m2\repository\com\stoyanr\evictor\1.0.0\evictor-1.0.0.jar;C:\Users\roman.urrego\.m2\repository\org\glassfish\jaxb\jaxb-runtime\4.0.5\jaxb-runtime-4.0.5.jar;C:\Users\roman.urrego\.m2\repository\org\glassfish\jaxb\jaxb-core\4.0.5\jaxb-core-4.0.5.jar;C:\Users\roman.urrego\.m2\repository\org\eclipse\angus\angus-activation\2.0.2\angus-activation-2.0.2.jar;C:\Users\roman.urrego\.m2\repository\org\glassfish\jaxb\txw2\4.0.5\txw2-4.0.5.jar;C:\Users\roman.urrego\.m2\repository\com\sun\istack\istack-commons-runtime\4.1.2\istack-commons-runtime-4.1.2.jar;C:\Users\roman.urrego\.m2\repository\org\springframework\boot\spring-boot-devtools\3.3.10\spring-boot-devtools-3.3.10.jar;C:\Users\roman.urrego\.m2\repository\org\springframework\boot\spring-boot\3.3.10\spring-boot-3.3.10.jar;C:\Users\roman.urrego\.m2\repository\org\springframework\boot\spring-boot-autoconfigure\3.3.10\spring-boot-autoconfigure-3.3.10.jar;C:\Users\roman.urrego\.m2\repository\org\slf4j\slf4j-api\2.0.17\slf4j-api-2.0.17.jar;C:\Users\roman.urrego\.m2\repository\jakarta\xml\bind\jakarta.xml.bind-api\4.0.2\jakarta.xml.bind-api-4.0.2.jar;C:\Users\roman.urrego\.m2\repository\jakarta\activation\jakarta.activation-api\2.1.3\jakarta.activation-api-2.1.3.jar;C:\Users\roman.urrego\.m2\repository\org\springframework\spring-core\6.1.18\spring-core-6.1.18.jar;C:\Users\roman.urrego\.m2\repository\org\springframework\spring-jcl\6.1.18\spring-jcl-6.1.18.jar
Launcher Type: SUN_STANDARD

[Global flags]
     intx CICompilerCount                          = 4                                         {product} {ergonomic}
     uint ConcGCThreads                            = 3                                         {product} {ergonomic}
     bool FlightRecorder                           = true                                      {product} {management}
     uint G1ConcRefinementThreads                  = 10                                        {product} {ergonomic}
   size_t G1HeapRegionSize                         = 2097152                                   {product} {ergonomic}
   size_t InitialHeapSize                          = 264241152                                 {product} {ergonomic}
     bool ManagementServer                         = true                                      {product} {command line}
   size_t MarkStackSize                            = 4194304                                   {product} {ergonomic}
   size_t MarkStackSizeMax                         = 536870912                                 {product} {ergonomic}
   size_t MaxHeapSize                              = 4217372672                                {product} {ergonomic}
   size_t MaxNewSize                               = 2529165312                                {product} {ergonomic}
   size_t MinHeapDeltaBytes                        = 2097152                                   {product} {ergonomic}
   size_t MinHeapSize                              = 8388608                                   {product} {ergonomic}
    uintx NonNMethodCodeHeapSize                   = 4096                                   {pd product} {ergonomic}
    uintx NonProfiledCodeHeapSize                  = 0                                      {pd product} {ergonomic}
     bool ProfileInterpreter                       = false                                  {pd product} {command line}
    uintx ProfiledCodeHeapSize                     = 0                                      {pd product} {ergonomic}
   size_t SoftMaxHeapSize                          = 4217372672                             {manageable} {ergonomic}
     intx TieredStopAtLevel                        = 1                                         {product} {command line}
     bool UseCompressedOops                        = true                           {product lp64_product} {ergonomic}
     bool UseG1GC                                  = true                                      {product} {ergonomic}
     bool UseLargePagesIndividualAllocation        = false                                  {pd product} {ergonomic}

Logging:
Log output configuration:
 #0: stdout all=warning uptime,level,tags foldmultilines=false
 #1: stderr all=off uptime,level,tags foldmultilines=false

Environment Variables:
JAVA_HOME=C:\Program Files\Java\jdk-24
PATH=C:\Program Files\Common Files\Oracle\Java\javapath;C:\Windows\system32;C:\Windows;C:\Windows\System32\Wbem;C:\Windows\System32\WindowsPowerShell\v1.0\;C:\Windows\System32\OpenSSH\;C:\Program Files\PuTTY\;C:\Program Files\Amazon\AWSCLIV2\;C:\Program Files\Git\cmd;C:\Users\roman.urrego\Desktop\WebRTC\depot_tools;C:\maven-mvnd-1.0.2-windows-amd64\bin;C:\Program Files\Java\jdk-24\bin;C:\Users\roman.urrego\AppData\Local\Programs\Python\Launcher\;C:\Users\roman.urrego\AppData\Local\Microsoft\WindowsApps;C:\Users\roman.urrego\AppData\Local\Programs\Microsoft VS Code\bin;C:\Users\roman.urrego\AppData\Local\Programs\Python\Python312;C:\Users\roman.urrego\AppData\Local\Programs\Python\Python312\Scripts;C:\Users\roman.urrego\Desktop\WebRTC\depot_tools;C:\Users\roman.urrego\AppData\Local\GitHubDesktop\bin;C:\Program Files\JetBrains\IntelliJ IDEA 2024.3.5\bin;
USERNAME=roman.urrego
OS=Windows_NT
PROCESSOR_IDENTIFIER=Intel64 Family 6 Model 154 Stepping 4, GenuineIntel
TMP=C:\Users\ROMAN~1.URR\AppData\Local\Temp
TEMP=C:\Users\ROMAN~1.URR\AppData\Local\Temp




Periodic native trim disabled

---------------  S Y S T E M  ---------------

OS:
 Windows 11 , 64 bit Build 22621 (10.0.22621.4974)
OS uptime: 0 days 12:07 hours
Hyper-V role detected

CPU: total 12 (initial active 12) (6 cores per cpu, 2 threads per core) family 6 model 154 stepping 4 microcode 0x435, cx8, cmov, fxsr, ht, mmx, 3dnowpref, sse, sse2, sse3, ssse3, sse4.1, sse4.2, popcnt, lzcnt, tsc, tscinvbit, avx, avx2, aes, erms, clmul, bmi1, bmi2, adx, sha, fma, vzeroupper, clflush, clflushopt, clwb, hv, serialize, rdtscp, rdpid, fsrm, gfni, f16c, cet_ibt, cet_ss
Processor Information for processor 0
  Max Mhz: 1600, Current Mhz: 1600, Mhz Limit: 1600
Processor Information for processor 1
  Max Mhz: 1600, Current Mhz: 1600, Mhz Limit: 1600
Processor Information for processor 2
  Max Mhz: 1600, Current Mhz: 1600, Mhz Limit: 1600
Processor Information for processor 3
  Max Mhz: 1600, Current Mhz: 1600, Mhz Limit: 1600
Processor Information for processor 4
  Max Mhz: 1600, Current Mhz: 1600, Mhz Limit: 1600
Processor Information for processor 5
  Max Mhz: 1600, Current Mhz: 1600, Mhz Limit: 1600
Processor Information for processor 6
  Max Mhz: 1600, Current Mhz: 1600, Mhz Limit: 1600
Processor Information for processor 7
  Max Mhz: 1600, Current Mhz: 1600, Mhz Limit: 1600
Processor Information for processor 8
  Max Mhz: 1600, Current Mhz: 1600, Mhz Limit: 1600
Processor Information for processor 9
  Max Mhz: 1600, Current Mhz: 1466, Mhz Limit: 1600
Processor Information for processor 10
  Max Mhz: 1600, Current Mhz: 1600, Mhz Limit: 1600
Processor Information for processor 11
  Max Mhz: 1600, Current Mhz: 1600, Mhz Limit: 1600

Memory: 4k page, system-wide physical 16081M (4111M free)
TotalPageFile size 24017M (AvailPageFile size 9131M)
current process WorkingSet (physical memory assigned to process): 79M, peak: 79M
current process commit charge ("private bytes"): 384M, peak: 384M

vm_info: Java HotSpot(TM) 64-Bit Server VM (24+36-3646) for windows-amd64 JRE (24+36-3646), built on 2025-02-06T00:20:43Z with MS VC++ 17.6 (VS2022)

END.
